16:22:35:373 [ALWAYS]	GUDE Logging Started
16:22:35:374 [INFO]	SqliteResumeCache::SqliteResumeCache basedirectory is null/empty
16:22:35:377 [ERROR]	SqliteResumeCache::CreateSqliteResumeCache creating resume cache pointer failure
16:22:35:377 [ERROR]	Initialize resume cache pointer failure
16:22:35:388 [INFO]	gude policy POLICY_USER limit (2,2,1) chunk 2097152, chunking (UL 0 DL 1), resXfer 1, adapt 0, NSURL 0, timeout 86400 
16:22:35:388 [INFO]	Initialized -- gude-lib version: v0.12.1 app: gude
16:22:50:214 [WARN]	Ignoring attempt to reinit logging to \gude at level 4 retaining 3 days of logs
16:22:50:215 [INFO]	SqliteResumeCache::SqliteResumeCache basedirectory is null/empty
16:22:50:215 [ERROR]	SqliteResumeCache::CreateSqliteResumeCache creating resume cache pointer failure
16:22:50:215 [ERROR]	Initialize resume cache pointer failure
16:22:50:215 [INFO]	gude policy POLICY_USER limit (4,4,1) chunk 2097152, chunking (UL 0 DL 1), resXfer 1, adapt 0, NSURL 1, timeout 86400 
16:22:50:215 [INFO]	Initialized -- gude-lib version: v0.12.1 app: gude
16:31:22:535 [ALWAYS]	GUDE Logging Started
16:31:22:536 [INFO]	SqliteResumeCache::SqliteResumeCache basedirectory is null/empty
16:31:22:540 [ERROR]	SqliteResumeCache::CreateSqliteResumeCache creating resume cache pointer failure
16:31:22:540 [ERROR]	Initialize resume cache pointer failure
16:31:22:550 [INFO]	gude policy POLICY_USER limit (2,2,1) chunk 2097152, chunking (UL 0 DL 1), resXfer 1, adapt 0, NSURL 0, timeout 86400 
16:31:22:550 [INFO]	Initialized -- gude-lib version: v0.12.1 app: gude
16:31:40:985 [WARN]	Ignoring attempt to reinit logging to \gude at level 4 retaining 3 days of logs
16:31:40:985 [INFO]	SqliteResumeCache::SqliteResumeCache basedirectory is null/empty
16:31:40:985 [ERROR]	SqliteResumeCache::CreateSqliteResumeCache creating resume cache pointer failure
16:31:40:985 [ERROR]	Initialize resume cache pointer failure
16:31:40:985 [INFO]	gude policy POLICY_USER limit (4,4,1) chunk 2097152, chunking (UL 0 DL 1), resXfer 1, adapt 0, NSURL 1, timeout 86400 
16:31:40:985 [INFO]	Initialized -- gude-lib version: v0.12.1 app: gude
